<?xml version="1.0" encoding="UTF-8"?>
<testsuite xmlns:xsi="http://www.w3.org/2001/XMLSchema-instance" xsi:noNamespaceSchemaLocation="https://maven.apache.org/surefire/maven-surefire-plugin/xsd/surefire-test-report.xsd" name="TicketManagerTest" time="0.056" tests="5" errors="0" skipped="0" failures="0">
  <properties>
[...]
</properties>
  <testcase name="shouldFindAndSortTickets" classname="TicketManagerTest" time="0.036"/>
  <testcase name="testTicketComparison" classname="TicketManagerTest" time="0.002"/>
  <testcase name="shouldFindSingleTicket" classname="TicketManagerTest" time="0.001"/>
  <testcase name="shouldNotFindTickets" classname="TicketManagerTest" time="0"/>
  <testcase name="shouldSortTicketsByPrice" classname="TicketManagerTest" time="0"/>
</testsuite>